{"contracts/Notarize.sol":{"l":{"26":3,"30":1,"34":4,"35":2,"36":2,"37":2,"38":2,"39":2,"44":2,"48":3},"path":"/home/filop/projects/eth/notarization/contracts/Notarize.sol","s":{"1":3,"2":1,"3":4,"4":2,"5":2,"6":2,"7":2,"8":2,"9":2,"10":3},"b":{"1":[2,2]},"f":{"1":3,"2":1,"3":4,"4":2,"5":3},"fnMap":{"1":{"name":"constructor","line":25,"loc":{"start":{"line":25,"column":2},"end":{"line":27,"column":2}}},"2":{"name":"setHashWriterRole","line":29,"loc":{"start":{"line":29,"column":2},"end":{"line":31,"column":2}}},"3":{"name":"addNewDocument","line":33,"loc":{"start":{"line":33,"column":2},"end":{"line":40,"column":2}}},"4":{"name":"getDocInfo","line":43,"loc":{"start":{"line":43,"column":2},"end":{"line":45,"column":2}}},"5":{"name":"getDocsCount","line":47,"loc":{"start":{"line":47,"column":1},"end":{"line":49,"column":2}}}},"statementMap":{"1":{"start":{"line":26,"column":4},"end":{"line":26,"column":47}},"2":{"start":{"line":30,"column":4},"end":{"line":30,"column":38}},"3":{"start":{"line":34,"column":4},"end":{"line":34,"column":56}},"4":{"start":{"line":35,"column":4},"end":{"line":35,"column":43}},"5":{"start":{"line":36,"column":4},"end":{"line":36,"column":60}},"6":{"start":{"line":37,"column":4},"end":{"line":37,"column":27}},"7":{"start":{"line":38,"column":4},"end":{"line":38,"column":26}},"8":{"start":{"line":39,"column":4},"end":{"line":39,"column":42}},"9":{"start":{"line":44,"column":4},"end":{"line":44,"column":62}},"10":{"start":{"line":48,"column":2},"end":{"line":48,"column":30}}},"branchMap":{"1":{"line":34,"type":"if","locations":[{"start":{"line":34,"column":4},"end":{"line":34,"column":4}},{"start":{"line":34,"column":4},"end":{"line":34,"column":4}}]}}}}